{
  "RSpec": {
    "coverage": {
      "/Users/AndrewThompson/Desktop/desker/Desker/spec/models/user_spec.rb": [
        null,
        null,
        null,
        null,
        null,
        null,
        null,
        null,
        null,
        null,
        null,
        null,
        null,
        null,
        null,
        null,
        null,
        1,
        1,
        null,
        1,
        null,
        1,
        null,
        null,
        1,
        1,
        1,
        null,
        null,
        1,
        1,
        1,
        null,
        null,
        null,
        null,
        1,
        1,
        1,
        null,
        null,
        null,
        1,
        1,
        1,
        null,
        null,
        null,
        1,
        1,
        1,
        null,
        null,
        null,
        1,
        1,
        1,
        null,
        null,
        null,
        1,
        1,
        1,
        null,
        null,
        null,
        null,
        null,
        null
      ],
      "/Users/AndrewThompson/Desktop/desker/Desker/spec/rails_helper.rb": [
        null,
        1,
        1,
        1,
        1,
        null,
        null,
        null,
        null,
        null,
        null,
        null,
        null,
        null,
        null,
        null,
        null,
        null,
        null,
        null,
        null,
        null,
        null,
        null,
        1,
        null,
        1,
        null,
        1,
        null,
        null,
        null,
        null,
        1,
        null,
        null,
        null,
        null,
        null,
        null,
        null,
        null,
        null,
        null,
        null,
        null,
        null,
        null,
        1,
        null
      ],
      "/Users/AndrewThompson/Desktop/desker/Desker/config/environment.rb": [
        null,
        1,
        null,
        null,
        1
      ],
      "/Users/AndrewThompson/Desktop/desker/Desker/config/application.rb": [
        1,
        null,
        null,
        1,
        1,
        1,
        1,
        1,
        1,
        null,
        null,
        null,
        null,
        1,
        null,
        1,
        1,
        null,
        null,
        null,
        null,
        null,
        null,
        null,
        null,
        null,
        null,
        null,
        null,
        null
      ],
      "/Users/AndrewThompson/Desktop/desker/Desker/config/boot.rb": [
        null,
        1,
        null,
        1
      ],
      "/Users/AndrewThompson/Desktop/desker/Desker/config/environments/test.rb": [
        1,
        null,
        null,
        null,
        null,
        null,
        null,
        1,
        null,
        null,
        null,
        null,
        1,
        null,
        null,
        1,
        1,
        null,
        null,
        1,
        1,
        null,
        null,
        1,
        null,
        null,
        1,
        null,
        null,
        null,
        null,
        1,
        null,
        null,
        1,
        null,
        null,
        null,
        null
      ],
      "/Users/AndrewThompson/Desktop/desker/Desker/config/initializers/assets.rb": [
        null,
        null,
        null,
        1,
        null,
        null,
        null,
        null
      ],
      "/Users/AndrewThompson/Desktop/desker/Desker/config/initializers/backtrace_silencers.rb": [
        null,
        null,
        null,
        null,
        null,
        null,
        null
      ],
      "/Users/AndrewThompson/Desktop/desker/Desker/config/initializers/cookies_serializer.rb": [
        null,
        null,
        1
      ],
      "/Users/AndrewThompson/Desktop/desker/Desker/config/initializers/filter_parameter_logging.rb": [
        null,
        null,
        null,
        1
      ],
      "/Users/AndrewThompson/Desktop/desker/Desker/config/initializers/inflections.rb": [
        null,
        null,
        null,
        null,
        null,
        null,
        null,
        null,
        null,
        null,
        null,
        null,
        null,
        null,
        null,
        null
      ],
      "/Users/AndrewThompson/Desktop/desker/Desker/config/initializers/mime_types.rb": [
        null,
        null,
        null,
        null
      ],
      "/Users/AndrewThompson/Desktop/desker/Desker/config/initializers/session_store.rb": [
        null,
        null,
        1
      ],
      "/Users/AndrewThompson/Desktop/desker/Desker/config/initializers/wrap_parameters.rb": [
        null,
        null,
        null,
        null,
        null,
        null,
        1,
        1,
        null,
        null,
        null,
        null,
        null,
        null
      ],
      "/Users/AndrewThompson/Desktop/desker/Desker/config/routes.rb": [
        null,
        null,
        null,
        null,
        null,
        null,
        null,
        null,
        null,
        null,
        null,
        null,
        null,
        null,
        null,
        null,
        null,
        null,
        null,
        null,
        null,
        null,
        null,
        null,
        null,
        null,
        null,
        null,
        null,
        null,
        null,
        null,
        null,
        null,
        null,
        1,
        null,
        1,
        null,
        1,
        null,
        1,
        null,
        1,
        null,
        1,
        null,
        1,
        null,
        1,
        1,
        1,
        null,
        null
      ],
      "/Users/AndrewThompson/Desktop/desker/Desker/app/helpers/application_helper.rb": [
        1,
        null,
        1,
        0,
        0,
        0,
        0,
        0,
        0,
        null,
        null,
        0,
        0,
        null,
        null,
        null,
        null
      ],
      "/Users/AndrewThompson/Desktop/desker/Desker/app/helpers/desks_helper.rb": [
        1,
        null
      ],
      "/Users/AndrewThompson/Desktop/desker/Desker/app/helpers/pages_helper.rb": [
        1,
        null
      ],
      "/Users/AndrewThompson/Desktop/desker/Desker/app/helpers/users_helper.rb": [
        1,
        null
      ],
      "/Users/AndrewThompson/Desktop/desker/Desker/app/helpers/venues_helper.rb": [
        1,
        null
      ],
      "/Users/AndrewThompson/Desktop/desker/Desker/app/models/user.rb": [
        null,
        null,
        null,
        null,
        null,
        null,
        null,
        null,
        null,
        null,
        null,
        null,
        null,
        null,
        1,
        null,
        1,
        null,
        null,
        null,
        null,
        null,
        1,
        1,
        null,
        null,
        1,
        1,
        null,
        null,
        1,
        null,
        null,
        null,
        null,
        null,
        null,
        null,
        null,
        null
      ]
    },
    "timestamp": 1416617069
  }
}
